<?xml version="1.0" encoding="UTF-8"?>
<!-- Generated by org.testng.reporters.JUnitXMLReporter -->
<testsuite ignored="0" hostname="DESKTOP-LSM8SKP" failures="3" tests="3" name="Verify_currency_exchange_rate" time="238.328" errors="0" timestamp="2024-04-04T14:51:30 IST">
  <testcase classname="web.tests.ExchangeRate.currency_exchange_rateTests" name="verify_value_in_currency_exchange_rate" time="66.545">
    <failure type="java.lang.NumberFormatException" message="For input string: &amp;quot;3.242017 USD&amp;quot;">
      <![CDATA[java.lang.NumberFormatException: For input string: "3.242017 USD"
at java.base/jdk.internal.math.FloatingDecimal.readJavaFormatString(FloatingDecimal.java:2054)
at java.base/jdk.internal.math.FloatingDecimal.parseDouble(FloatingDecimal.java:110)
at java.base/java.lang.Double.parseDouble(Double.java:651)
at web.object_repository.ExchangeRate.exchange_rate.get_total_exchange_report(exchange_rate.java:147)
at web.tests.ExchangeRate.currency_exchange_rateTests.verify_value_in_currency_exchange_rate(currency_exchange_rateTests.java:41)
at java.base/java.util.ArrayList.forEach(ArrayList.java:1511)
at java.base/java.util.concurrent.FutureTask.run(FutureTask.java:264)
at java.base/java.util.concurrent.ThreadPoolExecutor.runWorker(ThreadPoolExecutor.java:1136)
at java.base/java.util.concurrent.ThreadPoolExecutor$Worker.run(ThreadPoolExecutor.java:635)
at java.base/java.lang.Thread.run(Thread.java:840)
... Removed 17 stack frames]]>
    </failure>
  </testcase> <!-- verify_value_in_currency_exchange_rate -->
  <testcase classname="web.tests.ExchangeRate.currency_exchange_rateTests" name="verify_value_in_currency_exchange_rate" time="68.57">
    <failure type="java.lang.NumberFormatException" message="For input string: &amp;quot;153.444837 EGP&amp;quot;">
      <![CDATA[java.lang.NumberFormatException: For input string: "153.444837 EGP"
at java.base/jdk.internal.math.FloatingDecimal.readJavaFormatString(FloatingDecimal.java:2054)
at java.base/jdk.internal.math.FloatingDecimal.parseDouble(FloatingDecimal.java:110)
at java.base/java.lang.Double.parseDouble(Double.java:651)
at web.object_repository.ExchangeRate.exchange_rate.get_total_exchange_report(exchange_rate.java:147)
at web.tests.ExchangeRate.currency_exchange_rateTests.verify_value_in_currency_exchange_rate(currency_exchange_rateTests.java:41)
at java.base/java.util.ArrayList.forEach(ArrayList.java:1511)
at java.base/java.util.concurrent.FutureTask.run(FutureTask.java:264)
at java.base/java.util.concurrent.ThreadPoolExecutor.runWorker(ThreadPoolExecutor.java:1136)
at java.base/java.util.concurrent.ThreadPoolExecutor$Worker.run(ThreadPoolExecutor.java:635)
at java.base/java.lang.Thread.run(Thread.java:840)
... Removed 17 stack frames]]>
    </failure>
  </testcase> <!-- verify_value_in_currency_exchange_rate -->
  <testcase classname="web.tests.ExchangeRate.currency_exchange_rateTests" name="verify_value_in_currency_exchange_rate" time="68.201">
    <failure type="java.lang.NumberFormatException" message="For input string: &amp;quot;270.635995 INR&amp;quot;">
      <![CDATA[java.lang.NumberFormatException: For input string: "270.635995 INR"
at java.base/jdk.internal.math.FloatingDecimal.readJavaFormatString(FloatingDecimal.java:2054)
at java.base/jdk.internal.math.FloatingDecimal.parseDouble(FloatingDecimal.java:110)
at java.base/java.lang.Double.parseDouble(Double.java:651)
at web.object_repository.ExchangeRate.exchange_rate.get_total_exchange_report(exchange_rate.java:147)
at web.tests.ExchangeRate.currency_exchange_rateTests.verify_value_in_currency_exchange_rate(currency_exchange_rateTests.java:41)
at java.base/java.util.ArrayList.forEach(ArrayList.java:1511)
at java.base/java.util.concurrent.FutureTask.run(FutureTask.java:264)
at java.base/java.util.concurrent.ThreadPoolExecutor.runWorker(ThreadPoolExecutor.java:1136)
at java.base/java.util.concurrent.ThreadPoolExecutor$Worker.run(ThreadPoolExecutor.java:635)
at java.base/java.lang.Thread.run(Thread.java:840)
... Removed 17 stack frames]]>
    </failure>
  </testcase> <!-- verify_value_in_currency_exchange_rate -->
</testsuite> <!-- Verify_currency_exchange_rate -->
