<?xml version="1.0" encoding="UTF-8"?>
<!-- Generated by org.testng.reporters.JUnitXMLReporter -->
<testsuite ignored="0" hostname="DESKTOP-LSM8SKP" failures="0" tests="3" name="Verify_currency_exchange_rate" time="250.456" errors="0" timestamp="2024-04-04T18:37:58 IST">
  <testcase classname="web.tests.ExchangeRate.currency_exchange_rateTests" name="verify_value_in_currency_exchange_rate" time="67.504"/>
  <testcase classname="web.tests.ExchangeRate.currency_exchange_rateTests" name="verify_value_in_currency_exchange_rate" time="66.826"/>
  <testcase classname="web.tests.ExchangeRate.currency_exchange_rateTests" name="verify_value_in_currency_exchange_rate" time="67.052"/>
</testsuite> <!-- Verify_currency_exchange_rate -->
