<?xml version="1.0" encoding="UTF-8"?>
<testng-results ignored="0" total="5" passed="5" failed="0" skipped="0">
  <reporter-output>
    <line>
      <![CDATA[Step : Click on destination_country_dropdown_click<br>]]>
    </line>
    <line>
      <![CDATA[Step : clear value from your_send_text_single text fields and enter text 80.0<br>]]>
    </line>
    <line>
      <![CDATA[Step : Click on your_receive_text_currency_type_single<br>]]>
    </line>
    <line>
      <![CDATA[Currency type is: EUR]]>
    </line>
    <line>
      <![CDATA[Current exchange value is: 2.960332]]>
    </line>
    <line>
      <![CDATA[Amount you want to convert: 80]]>
    </line>
    <line>
      <![CDATA[Exchange value is: 237]]>
    </line>
    <line>
      <![CDATA[Current date of exchange is: 09-Apr 11:00 AM Delivery]]>
    </line>
    <line>
      <![CDATA[Total fee to be deducted is: Fees = 7  KWD]]>
    </line>
    <line>
      <![CDATA[Step : Click on destination_country_dropdown_click<br>]]>
    </line>
    <line>
      <![CDATA[Step : clear value from your_send_text_single text fields and enter text 110.0<br>]]>
    </line>
    <line>
      <![CDATA[Step : Click on your_receive_text_currency_type_single<br>]]>
    </line>
    <line>
      <![CDATA[Currency type is: USD]]>
    </line>
    <line>
      <![CDATA[Current exchange value is: 3.245594]]>
    </line>
    <line>
      <![CDATA[Amount you want to convert: 100]]>
    </line>
    <line>
      <![CDATA[Exchange value is: 325]]>
    </line>
    <line>
      <![CDATA[Current date of exchange is: 07-Apr 02:00 PM Delivery]]>
    </line>
    <line>
      <![CDATA[Total fee to be deducted is: Fees = 1.75  KWD]]>
    </line>
    <line>
      <![CDATA[Step : Click on destination_country_dropdown_click<br>]]>
    </line>
    <line>
      <![CDATA[Step : clear value from your_send_text_single text fields and enter text 134.0<br>]]>
    </line>
    <line>
      <![CDATA[Step : Click on your_receive_text_currency_type_single<br>]]>
    </line>
    <line>
      <![CDATA[Currency type is: EUR]]>
    </line>
    <line>
      <![CDATA[Current exchange value is: 2.960332]]>
    </line>
    <line>
      <![CDATA[Amount you want to convert: 134]]>
    </line>
    <line>
      <![CDATA[Exchange value is: 397]]>
    </line>
    <line>
      <![CDATA[Current date of exchange is: 10-Apr 05:30 AM Delivery]]>
    </line>
    <line>
      <![CDATA[Total fee to be deducted is: Fees = 7  KWD]]>
    </line>
    <line>
      <![CDATA[Step : Click on about_us_link_text<br>]]>
    </line>
    <line>
      <![CDATA[Step : Click on services_link_text<br>]]>
    </line>
    <line>
      <![CDATA[Step : Click on branches_link_text<br>]]>
    </line>
    <line>
      <![CDATA[Step : Click on promotions_link_text<br>]]>
    </line>
    <line>
      <![CDATA[Step : Click on contact_link_text<br>]]>
    </line>
    <line>
      <![CDATA[Step : Click on remit_online_link_text<br>]]>
    </line>
    <line>
      <![CDATA[Step : Click on news_link_text<br>]]>
    </line>
    <line>
      <![CDATA[Step : Click on faq_link_text<br>]]>
    </line>
    <line>
      <![CDATA[Step : Click on arabic_language_link_text<br>]]>
    </line>
    <line>
      <![CDATA[Step : Click on about_us_in_english<br>]]>
    </line>
    <line>
      <![CDATA[Step : Click on remit_online_linked_text<br>]]>
    </line>
    <line>
      <![CDATA[Step : Click on sign_up_on_remit_online_page<br>]]>
    </line>
    <line>
      <![CDATA[Step : Click on civil_id_text_on_remit_online<br>]]>
    </line>
    <line>
      <![CDATA[Step : Enter text 353747 at locator civil_id_text_on_remit_online<br>]]>
    </line>
    <line>
      <![CDATA[Step : Click on send_otp_button_on_remit_online<br>]]>
    </line>
  </reporter-output>
  <suite started-at="2024-04-04T18:33:48 IST" name="Al_Mulla_POC" finished-at="2024-04-04T18:40:37 IST" duration-ms="408780">
    <groups>
    </groups>
    <test started-at="2024-04-04T18:33:48 IST" name="Verify_currency_exchange_rate" finished-at="2024-04-04T18:37:58 IST" duration-ms="250456">
      <class name="web.tests.ExchangeRate.currency_exchange_rateTests">
        <test-method is-config="true" signature="init()[pri:0, instance:web.tests.ExchangeRate.currency_exchange_rateTests@8f4ea7c]" started-at="2024-04-04T18:33:50 IST" name="init" finished-at="2024-04-04T18:34:06 IST" duration-ms="16655" status="PASS">
          <reporter-output>
          </reporter-output>
        </test-method> <!-- init -->
        <test-method signature="verify_value_in_currency_exchange_rate(java.lang.String,java.lang.String,java.lang.String)[pri:0, instance:web.tests.ExchangeRate.currency_exchange_rateTests@8f4ea7c]" started-at="2024-04-04T18:34:06 IST" name="verify_value_in_currency_exchange_rate" data-provider="currency_exchange_rate" finished-at="2024-04-04T18:35:14 IST" duration-ms="67504" status="PASS">
          <params>
            <param index="0">
              <value>
                <![CDATA[KUWAIT]]>
              </value>
            </param>
            <param index="1">
              <value>
                <![CDATA[80.0]]>
              </value>
            </param>
            <param index="2">
              <value>
                <![CDATA[EUR]]>
              </value>
            </param>
          </params>
          <reporter-output>
            <line>
              <![CDATA[Step : Click on destination_country_dropdown_click<br>]]>
            </line>
            <line>
              <![CDATA[Step : clear value from your_send_text_single text fields and enter text 80.0<br>]]>
            </line>
            <line>
              <![CDATA[Step : Click on your_receive_text_currency_type_single<br>]]>
            </line>
            <line>
              <![CDATA[Currency type is: EUR]]>
            </line>
            <line>
              <![CDATA[Current exchange value is: 2.960332]]>
            </line>
            <line>
              <![CDATA[Amount you want to convert: 80]]>
            </line>
            <line>
              <![CDATA[Exchange value is: 237]]>
            </line>
            <line>
              <![CDATA[Current date of exchange is: 09-Apr 11:00 AM Delivery]]>
            </line>
            <line>
              <![CDATA[Total fee to be deducted is: Fees = 7  KWD]]>
            </line>
          </reporter-output>
        </test-method> <!-- verify_value_in_currency_exchange_rate -->
        <test-method is-config="true" signature="tear_down(org.testng.ITestResult)[pri:0, instance:web.tests.ExchangeRate.currency_exchange_rateTests@8f4ea7c]" started-at="2024-04-04T18:35:14 IST" name="tear_down" finished-at="2024-04-04T18:35:14 IST" duration-ms="611" status="PASS">
          <params>
            <param index="0">
              <value>
                <![CDATA[[TestResult name=verify_value_in_currency_exchange_rate status=SUCCESS method=currency_exchange_rateTests.verify_value_in_currency_exchange_rate(java.lang.String,java.lang.String,java.lang.String)[pri:0, instance:web.tests.ExchangeRate.currency_exchange_rateTests@8f4ea7c] output=Step : Click on destination_country_dropdown_click<br>]]]>
              </value>
            </param>
          </params>
          <reporter-output>
          </reporter-output>
        </test-method> <!-- tear_down -->
        <test-method is-config="true" signature="init()[pri:0, instance:web.tests.ExchangeRate.currency_exchange_rateTests@8f4ea7c]" started-at="2024-04-04T18:35:14 IST" name="init" finished-at="2024-04-04T18:35:27 IST" duration-ms="12815" status="PASS">
          <reporter-output>
          </reporter-output>
        </test-method> <!-- init -->
        <test-method signature="verify_value_in_currency_exchange_rate(java.lang.String,java.lang.String,java.lang.String)[pri:0, instance:web.tests.ExchangeRate.currency_exchange_rateTests@8f4ea7c]" started-at="2024-04-04T18:35:27 IST" name="verify_value_in_currency_exchange_rate" data-provider="currency_exchange_rate" finished-at="2024-04-04T18:36:34 IST" duration-ms="66826" status="PASS">
          <params>
            <param index="0">
              <value>
                <![CDATA[EGYPT]]>
              </value>
            </param>
            <param index="1">
              <value>
                <![CDATA[110.0]]>
              </value>
            </param>
            <param index="2">
              <value>
                <![CDATA[USD]]>
              </value>
            </param>
          </params>
          <reporter-output>
            <line>
              <![CDATA[Step : Click on destination_country_dropdown_click<br>]]>
            </line>
            <line>
              <![CDATA[Step : clear value from your_send_text_single text fields and enter text 110.0<br>]]>
            </line>
            <line>
              <![CDATA[Step : Click on your_receive_text_currency_type_single<br>]]>
            </line>
            <line>
              <![CDATA[Currency type is: USD]]>
            </line>
            <line>
              <![CDATA[Current exchange value is: 3.245594]]>
            </line>
            <line>
              <![CDATA[Amount you want to convert: 100]]>
            </line>
            <line>
              <![CDATA[Exchange value is: 325]]>
            </line>
            <line>
              <![CDATA[Current date of exchange is: 07-Apr 02:00 PM Delivery]]>
            </line>
            <line>
              <![CDATA[Total fee to be deducted is: Fees = 1.75  KWD]]>
            </line>
          </reporter-output>
        </test-method> <!-- verify_value_in_currency_exchange_rate -->
        <test-method is-config="true" signature="tear_down(org.testng.ITestResult)[pri:0, instance:web.tests.ExchangeRate.currency_exchange_rateTests@8f4ea7c]" started-at="2024-04-04T18:36:34 IST" name="tear_down" finished-at="2024-04-04T18:36:35 IST" duration-ms="584" status="PASS">
          <params>
            <param index="0">
              <value>
                <![CDATA[[TestResult name=verify_value_in_currency_exchange_rate status=SUCCESS method=currency_exchange_rateTests.verify_value_in_currency_exchange_rate(java.lang.String,java.lang.String,java.lang.String)[pri:0, instance:web.tests.ExchangeRate.currency_exchange_rateTests@8f4ea7c] output=Step : Click on destination_country_dropdown_click<br>]]]>
              </value>
            </param>
          </params>
          <reporter-output>
          </reporter-output>
        </test-method> <!-- tear_down -->
        <test-method is-config="true" signature="init()[pri:0, instance:web.tests.ExchangeRate.currency_exchange_rateTests@8f4ea7c]" started-at="2024-04-04T18:36:35 IST" name="init" finished-at="2024-04-04T18:36:50 IST" duration-ms="15917" status="PASS">
          <reporter-output>
          </reporter-output>
        </test-method> <!-- init -->
        <test-method signature="verify_value_in_currency_exchange_rate(java.lang.String,java.lang.String,java.lang.String)[pri:0, instance:web.tests.ExchangeRate.currency_exchange_rateTests@8f4ea7c]" started-at="2024-04-04T18:36:50 IST" name="verify_value_in_currency_exchange_rate" data-provider="currency_exchange_rate" finished-at="2024-04-04T18:37:58 IST" duration-ms="67052" status="PASS">
          <params>
            <param index="0">
              <value>
                <![CDATA[INDIA]]>
              </value>
            </param>
            <param index="1">
              <value>
                <![CDATA[134.0]]>
              </value>
            </param>
            <param index="2">
              <value>
                <![CDATA[EUR]]>
              </value>
            </param>
          </params>
          <reporter-output>
            <line>
              <![CDATA[Step : Click on destination_country_dropdown_click<br>]]>
            </line>
            <line>
              <![CDATA[Step : clear value from your_send_text_single text fields and enter text 134.0<br>]]>
            </line>
            <line>
              <![CDATA[Step : Click on your_receive_text_currency_type_single<br>]]>
            </line>
            <line>
              <![CDATA[Currency type is: EUR]]>
            </line>
            <line>
              <![CDATA[Current exchange value is: 2.960332]]>
            </line>
            <line>
              <![CDATA[Amount you want to convert: 134]]>
            </line>
            <line>
              <![CDATA[Exchange value is: 397]]>
            </line>
            <line>
              <![CDATA[Current date of exchange is: 10-Apr 05:30 AM Delivery]]>
            </line>
            <line>
              <![CDATA[Total fee to be deducted is: Fees = 7  KWD]]>
            </line>
          </reporter-output>
        </test-method> <!-- verify_value_in_currency_exchange_rate -->
        <test-method is-config="true" signature="tear_down(org.testng.ITestResult)[pri:0, instance:web.tests.ExchangeRate.currency_exchange_rateTests@8f4ea7c]" started-at="2024-04-04T18:37:58 IST" name="tear_down" finished-at="2024-04-04T18:37:58 IST" duration-ms="787" status="PASS">
          <params>
            <param index="0">
              <value>
                <![CDATA[[TestResult name=verify_value_in_currency_exchange_rate status=SUCCESS method=currency_exchange_rateTests.verify_value_in_currency_exchange_rate(java.lang.String,java.lang.String,java.lang.String)[pri:0, instance:web.tests.ExchangeRate.currency_exchange_rateTests@8f4ea7c] output=Step : Click on destination_country_dropdown_click<br>]]]>
              </value>
            </param>
          </params>
          <reporter-output>
          </reporter-output>
        </test-method> <!-- tear_down -->
      </class> <!-- web.tests.ExchangeRate.currency_exchange_rateTests -->
    </test> <!-- Verify_currency_exchange_rate -->
    <test started-at="2024-04-04T18:37:58 IST" name="Verify_headers_data" finished-at="2024-04-04T18:39:58 IST" duration-ms="119204">
      <class name="web.tests.HeadersTest.headers_test">
        <test-method is-config="true" signature="init()[pri:0, instance:web.tests.HeadersTest.headers_test@48f2bd5b]" started-at="2024-04-04T18:37:59 IST" name="init" finished-at="2024-04-04T18:38:13 IST" duration-ms="14340" status="PASS">
          <reporter-output>
          </reporter-output>
        </test-method> <!-- init -->
        <test-method signature="verify_data_in_header(java.lang.String,java.lang.String,java.lang.String,java.lang.String,java.lang.String,java.lang.String,java.lang.String,java.lang.String,java.lang.String)[pri:0, instance:web.tests.HeadersTest.headers_test@48f2bd5b]" started-at="2024-04-04T18:38:13 IST" name="verify_data_in_header" data-provider="get_texts_link" finished-at="2024-04-04T18:39:57 IST" duration-ms="103463" status="PASS">
          <params>
            <param index="0">
              <value>
                <![CDATA[https://www.almullaexchange.com/kwt/en_US/#about-us]]>
              </value>
            </param>
            <param index="1">
              <value>
                <![CDATA[https://www.almullaexchange.com/kwt/en_US/#services]]>
              </value>
            </param>
            <param index="2">
              <value>
                <![CDATA[https://www.almullaexchange.com/kwt/en_US/#branches]]>
              </value>
            </param>
            <param index="3">
              <value>
                <![CDATA[https://www.almullaexchange.com/kwt/en_US/#promotions2]]>
              </value>
            </param>
            <param index="4">
              <value>
                <![CDATA[https://www.almullaexchange.com/kwt/en_US/#contacts]]>
              </value>
            </param>
            <param index="5">
              <value>
                <![CDATA[https://app-kwt.almullaexchange.com/login]]>
              </value>
            </param>
            <param index="6">
              <value>
                <![CDATA[https://www.almullaexchange.com/kwt/en_US/news/]]>
              </value>
            </param>
            <param index="7">
              <value>
                <![CDATA[https://www.almullaexchange.com/kwt/en_US/faq/]]>
              </value>
            </param>
            <param index="8">
              <value>
                <![CDATA[https://www.almullaexchange.com/kwt/ar/]]>
              </value>
            </param>
          </params>
          <reporter-output>
            <line>
              <![CDATA[Step : Click on about_us_link_text<br>]]>
            </line>
            <line>
              <![CDATA[Step : Click on services_link_text<br>]]>
            </line>
            <line>
              <![CDATA[Step : Click on branches_link_text<br>]]>
            </line>
            <line>
              <![CDATA[Step : Click on promotions_link_text<br>]]>
            </line>
            <line>
              <![CDATA[Step : Click on contact_link_text<br>]]>
            </line>
            <line>
              <![CDATA[Step : Click on remit_online_link_text<br>]]>
            </line>
            <line>
              <![CDATA[Step : Click on news_link_text<br>]]>
            </line>
            <line>
              <![CDATA[Step : Click on faq_link_text<br>]]>
            </line>
            <line>
              <![CDATA[Step : Click on arabic_language_link_text<br>]]>
            </line>
            <line>
              <![CDATA[Step : Click on about_us_in_english<br>]]>
            </line>
          </reporter-output>
        </test-method> <!-- verify_data_in_header -->
        <test-method is-config="true" signature="tear_down(org.testng.ITestResult)[pri:0, instance:web.tests.HeadersTest.headers_test@48f2bd5b]" started-at="2024-04-04T18:39:57 IST" name="tear_down" finished-at="2024-04-04T18:39:58 IST" duration-ms="1149" status="PASS">
          <params>
            <param index="0">
              <value>
                <![CDATA[[TestResult name=verify_data_in_header status=SUCCESS method=headers_test.verify_data_in_header(java.lang.String,java.lang.String,java.lang.String,java.lang.String,java.lang.String,java.lang.String,java.lang.String,java.lang.String,java.lang.String)[pri:0, instance:web.tests.HeadersTest.headers_test@48f2bd5b] output=Step : Click on about_us_link_text<br>]]]>
              </value>
            </param>
          </params>
          <reporter-output>
          </reporter-output>
        </test-method> <!-- tear_down -->
      </class> <!-- web.tests.HeadersTest.headers_test -->
    </test> <!-- Verify_headers_data -->
    <test started-at="2024-04-04T18:39:58 IST" name="Verify_remit_online" finished-at="2024-04-04T18:40:37 IST" duration-ms="38997">
      <class name="web.tests.Remit_online_test.remit_online_test">
        <test-method is-config="true" signature="beforeSuiteWorks()[pri:0, instance:web.tests.Remit_online_test.remit_online_test@58ea606c]" started-at="2024-04-04T18:33:48 IST" name="beforeSuiteWorks" finished-at="2024-04-04T18:33:48 IST" duration-ms="74" status="PASS">
          <reporter-output>
          </reporter-output>
        </test-method> <!-- beforeSuiteWorks -->
        <test-method is-config="true" signature="init()[pri:0, instance:web.tests.Remit_online_test.remit_online_test@58ea606c]" started-at="2024-04-04T18:39:58 IST" name="init" finished-at="2024-04-04T18:40:15 IST" duration-ms="17503" status="PASS">
          <reporter-output>
          </reporter-output>
        </test-method> <!-- init -->
        <test-method signature="verify_remit_online(java.lang.String)[pri:0, instance:web.tests.Remit_online_test.remit_online_test@58ea606c]" started-at="2024-04-04T18:40:15 IST" name="verify_remit_online" data-provider="get_validation_message" finished-at="2024-04-04T18:40:36 IST" duration-ms="20855" status="PASS">
          <params>
            <param index="0">
              <value>
                <![CDATA[Length of Civil ID should be 12 digits]]>
              </value>
            </param>
          </params>
          <reporter-output>
            <line>
              <![CDATA[Step : Click on remit_online_linked_text<br>]]>
            </line>
            <line>
              <![CDATA[Step : Click on sign_up_on_remit_online_page<br>]]>
            </line>
            <line>
              <![CDATA[Step : Click on civil_id_text_on_remit_online<br>]]>
            </line>
            <line>
              <![CDATA[Step : Enter text 353747 at locator civil_id_text_on_remit_online<br>]]>
            </line>
            <line>
              <![CDATA[Step : Click on send_otp_button_on_remit_online<br>]]>
            </line>
          </reporter-output>
        </test-method> <!-- verify_remit_online -->
        <test-method is-config="true" signature="tear_down(org.testng.ITestResult)[pri:0, instance:web.tests.Remit_online_test.remit_online_test@58ea606c]" started-at="2024-04-04T18:40:36 IST" name="tear_down" finished-at="2024-04-04T18:40:37 IST" duration-ms="467" status="PASS">
          <params>
            <param index="0">
              <value>
                <![CDATA[[TestResult name=verify_remit_online status=SUCCESS method=remit_online_test.verify_remit_online(java.lang.String)[pri:0, instance:web.tests.Remit_online_test.remit_online_test@58ea606c] output=Step : Click on remit_online_linked_text<br>]]]>
              </value>
            </param>
          </params>
          <reporter-output>
          </reporter-output>
        </test-method> <!-- tear_down -->
      </class> <!-- web.tests.Remit_online_test.remit_online_test -->
    </test> <!-- Verify_remit_online -->
  </suite> <!-- Al_Mulla_POC -->
</testng-results>
